<?xml version="1.0" encoding="UTF-8"?>
<testsuite name="CucumberRunner" tests="0" skipped="0" failures="0" errors="0" timestamp="1970-01-01T00:00:00" hostname="macbook" time="0.0">
  <properties/>
  <system-out><![CDATA[
1 Scenarios (?[33m1 undefined?[0m)
2 Steps (?[33m2 undefined?[0m)
0m0.000s


You can implement missing steps with the snippets below:

@Dado("^que meu nome e Diego$")
public void que_meu_nome_e_Diego() throws Throwable {
    // Write code here that turns the phrase above into concrete actions
    throw new PendingException();
}

@Entao("^mostre ola Diego$")
public void mostre_ola_Diego() throws Throwable {
    // Write code here that turns the phrase above into concrete actions
    throw new PendingException();
}

]]></system-out>
  <system-err><![CDATA[]]></system-err>
</testsuite>
