<?xml version="1.0" encoding="UTF-8"?>
<testsuite name="Cenario: Ola Mundo" tests="3" skipped="2" failures="0" errors="0" timestamp="2016-02-24T03:34:30" hostname="macbook" time="0.006">
  <properties/>
  <testcase name="Dado que meu nome e Diego" classname="Cenario: Ola Mundo" time="0.0">
    <skipped/>
  </testcase>
  <testcase name="Entao mostre ola Diego" classname="Cenario: Ola Mundo" time="0.0">
    <skipped/>
  </testcase>
  <testcase name="classMethod" classname="Cenario: Ola Mundo" time="0.008"/>
  <system-out><![CDATA[]]></system-out>
  <system-err><![CDATA[]]></system-err>
</testsuite>
